<?xml version="1.0" encoding="UTF-8"?>
<!-- Generated by org.testng.reporters.JUnitXMLReporter -->
<testsuite hostname="SCOPE-2017-001" name="AuthorAddContents" tests="3" failures="1" timestamp="29 Jun 2018 18:25:02 GMT" time="49.264" errors="0">
  <testcase name="TestName" time="0.012" classname="com.AuthorAddContents.AuthorAddDocument">
    <skipped/>
  </testcase> <!-- TestName -->
  <testcase name="TestName" time="3.003" classname="com.AuthorAddContents.AuthorAddWebinarMaterials"/>
  <testcase name="TestName" time="30.682" classname="com.AuthorAddContents.AuthorAddLinkContent">
    <failure type="java.lang.AssertionError" message="The following asserts failed:
	null">
      <![CDATA[java.lang.AssertionError: The following asserts failed:
	null
	at com.AuthorAddContents.AuthorAddLinkContent.TestName(AuthorAddLinkContent.java:121)
... Removed 25 stack frames]]>
    </failure>
  </testcase> <!-- TestName -->
</testsuite> <!-- AuthorAddContents -->
