<?xml version="1.0" encoding="UTF-8"?>
<!-- Generated by org.testng.reporters.JUnitXMLReporter -->
<testsuite hostname="SCOPE-2017-001" name="AuthorSaveDocumentAsDraft" tests="1" failures="1" timestamp="23 Oct 2018 20:29:02 GMT" time="64.872" errors="0">
  <testcase name="TestName" time="46.592" classname="com.AuthorAddContents.AuthorSaveDocumentAsDraft">
    <failure type="java.lang.AssertionError" message="The following asserts failed:
	null">
      <![CDATA[java.lang.AssertionError: The following asserts failed:
	null
	at com.AuthorAddContents.AuthorSaveDocumentAsDraft.TestName(AuthorSaveDocumentAsDraft.java:197)
... Removed 26 stack frames]]>
    </failure>
  </testcase> <!-- TestName -->
</testsuite> <!-- AuthorSaveDocumentAsDraft -->
